142, 598535, 0, 0, 0
306, 686829, 0, 0, 0
407, 563200, 0, 0, 0
507, 471040, 0, 0, 0
607, 624640, 0, 0, 0
706, 537858, 0, 0, 0
807, 512000, 0, 0, 0
907, 491520, 0, 0, 0
1007, 593920, 0, 0, 0
1107, 552960, 0, 0, 0
1206, 558545, 0, 0, 0
1306, 593920, 0, 0, 0
1407, 532480, 0, 0, 0
1507, 542720, 0, 0, 0
1607, 573440, 0, 0, 0
1706, 765414, 0, 0, 0
1806, 645120, 0, 0, 0
1907, 552960, 0, 0, 0
2007, 460800, 0, 0, 0
2107, 778240, 0, 0, 0
2207, 880640, 0, 0, 0
2307, 849920, 0, 0, 0
2406, 734383, 0, 0, 0
2506, 972800, 0, 0, 0
2606, 972800, 0, 0, 0
2707, 716800, 0, 0, 0
2807, 952320, 0, 0, 0
2906, 837818, 0, 0, 0
3006, 839680, 0, 0, 0
3106, 655360, 0, 0, 0
3207, 655360, 0, 0, 0
3307, 727040, 0, 0, 0
3406, 1158464, 0, 0, 0
3506, 911360, 0, 0, 0
3606, 1177600, 0, 0, 0
3707, 890880, 0, 0, 0
3807, 931840, 0, 0, 0
3907, 860160, 0, 0, 0
4007, 1413120, 0, 0, 0
4107, 1269760, 0, 0, 0
4206, 1013656, 0, 0, 0
4306, 962560, 0, 0, 0
4406, 1157120, 0, 0, 0
4507, 829440, 0, 0, 0
4607, 972800, 0, 0, 0
4707, 993280, 0, 0, 0
4807, 1013760, 0, 0, 0
4907, 768000, 0, 0, 0
5006, 848161, 0, 0, 0
5106, 993280, 0, 0, 0
5206, 829440, 0, 0, 0
5307, 911360, 0, 0, 0
5407, 1331200, 0, 0, 0
5506, 1158464, 0, 0, 0
5606, 1054720, 0, 0, 0
5706, 1024000, 0, 0, 0
5807, 696320, 0, 0, 0
5907, 972800, 0, 0, 0
6006, 1106747, 0, 0, 0
6106, 931840, 0, 0, 0
6206, 1105920, 0, 0, 0
6306, 880640, 0, 0, 0
6407, 993280, 0, 0, 0
6507, 1105920, 0, 0, 0
6607, 1075200, 0, 0, 0
6706, 1230868, 0, 0, 0
6806, 1157120, 0, 0, 0
6906, 1146880, 0, 0, 0
7006, 819200, 0, 0, 0
7107, 1351680, 0, 0, 0
7207, 1382400, 0, 0, 0
7307, 1556480, 0, 0, 0
7407, 1126400, 0, 0, 0
7507, 1013760, 0, 0, 0
7606, 1034343, 0, 0, 0
7706, 1054720, 0, 0, 0
7806, 962560, 0, 0, 0
7907, 942080, 0, 0, 0
8007, 849920, 0, 0, 0
8107, 901120, 0, 0, 0
8207, 1075200, 0, 0, 0
8307, 829440, 0, 0, 0
8406, 899878, 0, 0, 0
8506, 1249280, 0, 0, 0
8606, 706560, 0, 0, 0
8706, 1146880, 0, 0, 0
8806, 901120, 0, 0, 0
8907, 1443840, 0, 0, 0
9007, 1024000, 0, 0, 0
9107, 727040, 0, 0, 0
9206, 941252, 0, 0, 0
9306, 849920, 0, 0, 0
9406, 1024000, 0, 0, 0
9507, 1239040, 0, 0, 0
9607, 942080, 0, 0, 0
9707, 931840, 0, 0, 0
9807, 870400, 0, 0, 0
9907, 993280, 0, 0, 0
10007, 747520, 0, 0, 0
10107, 993280, 0, 0, 0
10206, 1024000, 0, 0, 0
10306, 1341440, 0, 0, 0
10407, 1075200, 0, 0, 0
10507, 1228800, 0, 0, 0
10607, 1064960, 0, 0, 0
10707, 1044480, 0, 0, 0
10807, 1024000, 0, 0, 0
10906, 724040, 0, 0, 0
11006, 1320960, 0, 0, 0
11106, 1085440, 0, 0, 0
11207, 675840, 0, 0, 0
11307, 962560, 0, 0, 0
11407, 1024000, 0, 0, 0
11507, 901120, 0, 0, 0
11607, 849920, 0, 0, 0
11706, 1055030, 0, 0, 0
11806, 1177600, 0, 0, 0
11906, 819200, 0, 0, 0
12006, 1536000, 0, 0, 0
12107, 1167360, 0, 0, 0
12207, 962560, 0, 0, 0
12307, 1280000, 0, 0, 0
12406, 930909, 0, 0, 0
12507, 1146880, 0, 0, 0
12607, 962560, 0, 0, 0
12707, 1433600, 0, 0, 0
12807, 829440, 0, 0, 0
12907, 889535, 0, 0, 0
13007, 870400, 0, 0, 0
13107, 1075200, 0, 0, 0
13207, 911360, 0, 0, 0
13307, 860160, 0, 0, 0
13406, 899878, 0, 0, 0
13506, 901120, 0, 0, 0
13606, 901120, 0, 0, 0
13707, 1105920, 0, 0, 0
13807, 1187840, 0, 0, 0
13906, 941252, 0, 0, 0
14006, 993280, 0, 0, 0
14106, 1013760, 0, 0, 0
14207, 1095680, 0, 0, 0
14307, 1249280, 0, 0, 0
14406, 1024000, 0, 0, 0
14506, 1013760, 0, 0, 0
14606, 1054720, 0, 0, 0
14707, 983040, 0, 0, 0
14807, 768000, 0, 0, 0
14906, 992969, 0, 0, 0
15006, 1177600, 0, 0, 0
15106, 1013760, 0, 0, 0
15207, 1136640, 0, 0, 0
15307, 880640, 0, 0, 0
15407, 901120, 0, 0, 0
15507, 921600, 0, 0, 0
15607, 1013760, 0, 0, 0
15706, 1086060, 0, 0, 0
15806, 921600, 0, 0, 0
15906, 1024000, 0, 0, 0
16007, 870400, 0, 0, 0
16107, 819200, 0, 0, 0
16207, 942080, 0, 0, 0
16307, 1054720, 0, 0, 0
16406, 848161, 0, 0, 0
16506, 890880, 0, 0, 0
16606, 942080, 0, 0, 0
16706, 890880, 0, 0, 0
16806, 829440, 0, 0, 0
16907, 1044480, 0, 0, 0
17007, 1126400, 0, 0, 0
17107, 1341440, 0, 0, 0
17207, 1126400, 0, 0, 0
17306, 920565, 0, 0, 0
17406, 1003520, 0, 0, 0
17506, 983040, 0, 0, 0
17606, 747520, 0, 0, 0
17707, 1044480, 0, 0, 0
17807, 829440, 0, 0, 0
17907, 829440, 0, 0, 0
18007, 819200, 0, 0, 0
18107, 788480, 0, 0, 0
18206, 858505, 0, 0, 0
18306, 849920, 0, 0, 0
18407, 942080, 0, 0, 0
18507, 1003520, 0, 0, 0
18607, 829440, 0, 0, 0
18707, 1013760, 0, 0, 0
18807, 1269760, 0, 0, 0
18906, 1003313, 0, 0, 0
19006, 768000, 0, 0, 0
19106, 870400, 0, 0, 0
19206, 1228800, 0, 0, 0
19307, 972800, 0, 0, 0
19407, 768000, 0, 0, 0
19507, 1290240, 0, 0, 0
19607, 1310720, 0, 0, 0
19707, 1116160, 0, 0, 0
19807, 1239040, 0, 0, 0
19906, 827474, 0, 0, 0
20006, 870400, 0, 0, 0
20106, 788480, 0, 0, 0
20207, 737280, 0, 0, 0
20307, 1024000, 0, 0, 0
20407, 1208320, 0, 0, 0
20507, 1536000, 0, 0, 0
20607, 972800, 0, 0, 0
20706, 1644606, 0, 0, 0
20806, 1126400, 0, 0, 0
20906, 819200, 0, 0, 0
21006, 860160, 0, 0, 0
21107, 849920, 0, 0, 0
21207, 901120, 0, 0, 0
21307, 819200, 0, 0, 0
21407, 983040, 0, 0, 0
21506, 1189494, 0, 0, 0
21606, 993280, 0, 0, 0
21706, 1126400, 0, 0, 0
21806, 890880, 0, 0, 0
21907, 798720, 0, 0, 0
22007, 1198080, 0, 0, 0
22107, 1075200, 0, 0, 0
22207, 1228800, 0, 0, 0
22306, 1427393, 0, 0, 0
22406, 768000, 0, 0, 0
22506, 860160, 0, 0, 0
22606, 1044480, 0, 0, 0
22707, 942080, 0, 0, 0
22807, 798720, 0, 0, 0
22907, 1024000, 0, 0, 0
23007, 1402880, 0, 0, 0
23107, 860160, 0, 0, 0
23206, 992969, 0, 0, 0
23306, 1454080, 0, 0, 0
23406, 911360, 0, 0, 0
23507, 890880, 0, 0, 0
23607, 829440, 0, 0, 0
23707, 962560, 0, 0, 0
23807, 962560, 0, 0, 0
23907, 1146880, 0, 0, 0
24006, 1086060, 0, 0, 0
24106, 921600, 0, 0, 0
24207, 1044480, 0, 0, 0
24307, 1054720, 0, 0, 0
24407, 1024000, 0, 0, 0
24507, 983040, 0, 0, 0
24607, 942080, 0, 0, 0
24706, 972282, 0, 0, 0
24806, 808960, 0, 0, 0
24906, 1239040, 0, 0, 0
25006, 972800, 0, 0, 0
25107, 768000, 0, 0, 0
25207, 1474560, 0, 0, 0
25307, 1024000, 0, 0, 0
25407, 819200, 0, 0, 0
25507, 972800, 0, 0, 0
25606, 1230868, 0, 0, 0
25706, 870400, 0, 0, 0
25806, 1136640, 0, 0, 0
25907, 757760, 0, 0, 0
26007, 983040, 0, 0, 0
26107, 808960, 0, 0, 0
26207, 1003520, 0, 0, 0
26307, 1034240, 0, 0, 0
26406, 1034343, 0, 0, 0
26506, 962560, 0, 0, 0
26606, 1269760, 0, 0, 0
26707, 911360, 0, 0, 0
26807, 952320, 0, 0, 0
26907, 890880, 0, 0, 0
27007, 1228800, 0, 0, 0
27107, 1239040, 0, 0, 0
27206, 1437737, 0, 0, 0
27306, 1013760, 0, 0, 0
27406, 1157120, 0, 0, 0
27506, 911360, 0, 0, 0
27607, 880640, 0, 0, 0
27707, 788480, 0, 0, 0
27807, 1136640, 0, 0, 0
27906, 930909, 0, 0, 0
28006, 1208320, 0, 0, 0
28106, 1085440, 0, 0, 0
28206, 942080, 0, 0, 0
28307, 901120, 0, 0, 0
28407, 1044480, 0, 0, 0
28507, 942080, 0, 0, 0
28607, 1064960, 0, 0, 0
28707, 890880, 0, 0, 0
28807, 972800, 0, 0, 0
28906, 1168808, 0, 0, 0
29006, 1280000, 0, 0, 0
29106, 1034240, 0, 0, 0
29207, 911360, 0, 0, 0
29307, 1669120, 0, 0, 0
29407, 1136640, 0, 0, 0
29507, 952320, 0, 0, 0
29607, 890880, 0, 0, 0
29707, 962560, 0, 0, 0
29806, 703353, 0, 0, 0
29906, 788480, 0, 0, 0
30006, 993280, 0, 0, 0
30107, 819200, 0, 0, 0
30207, 1024000, 0, 0, 0
30307, 1218560, 0, 0, 0
30407, 849920, 0, 0, 0
30507, 1208320, 0, 0, 0
30606, 1448080, 0, 0, 0
30707, 1259520, 0, 0, 0
30807, 1146880, 0, 0, 0
30907, 1669120, 0, 0, 0
31007, 1290240, 0, 0, 0
31107, 798720, 0, 0, 0
31207, 911360, 0, 0, 0
31306, 941252, 0, 0, 0
31406, 1433600, 0, 0, 0
31506, 1423360, 0, 0, 0
31606, 1187840, 0, 0, 0
31707, 1228800, 0, 0, 0
31807, 983040, 0, 0, 0
31907, 911360, 0, 0, 0
32007, 1024000, 0, 0, 0
32107, 1310720, 0, 0, 0
32206, 1282585, 0, 0, 0
32306, 911360, 0, 0, 0
32406, 798720, 0, 0, 0
32507, 1085440, 0, 0, 0
32607, 1228800, 0, 0, 0
32707, 1228800, 0, 0, 0
32807, 1116160, 0, 0, 0
32907, 798720, 0, 0, 0
33007, 880640, 0, 0, 0
33107, 931840, 0, 0, 0
33206, 1003313, 0, 0, 0
33306, 962560, 0, 0, 0
33406, 757760, 0, 0, 0
33507, 829440, 0, 0, 0
33607, 819200, 0, 0, 0
33707, 1239040, 0, 0, 0
33807, 870400, 0, 0, 0
33907, 757760, 0, 0, 0
34006, 930909, 0, 0, 0
34106, 747520, 0, 0, 0
34206, 880640, 0, 0, 0
34306, 1126400, 0, 0, 0
34407, 1177600, 0, 0, 0
34507, 1198080, 0, 0, 0
34607, 819200, 0, 0, 0
34707, 911360, 0, 0, 0
34807, 972800, 0, 0, 0
34906, 786101, 0, 0, 0
35006, 1064960, 0, 0, 0
35107, 870400, 0, 0, 0
35207, 890880, 0, 0, 0
35307, 911360, 0, 0, 0
35407, 1310720, 0, 0, 0
35506, 1044686, 0, 0, 0
35606, 829440, 0, 0, 0
35707, 962560, 0, 0, 0
35807, 829440, 0, 0, 0
35907, 870400, 0, 0, 0
36007, 849920, 0, 0, 0
36107, 972800, 0, 0, 0
36207, 849920, 0, 0, 0
36307, 839680, 0, 0, 0
36406, 848161, 0, 0, 0
36506, 911360, 0, 0, 0
36606, 1075200, 0, 0, 0
36707, 952320, 0, 0, 0
36807, 952320, 0, 0, 0
36907, 1146880, 0, 0, 0
37007, 1044480, 0, 0, 0
37107, 911360, 0, 0, 0
37206, 1241212, 0, 0, 0
37306, 1013760, 0, 0, 0
37407, 931840, 0, 0, 0
37507, 880640, 0, 0, 0
37607, 829440, 0, 0, 0
37707, 952320, 0, 0, 0
37807, 921600, 0, 0, 0
37906, 930909, 0, 0, 0
38006, 1146880, 0, 0, 0
38106, 890880, 0, 0, 0
38207, 1075200, 0, 0, 0
38307, 931840, 0, 0, 0
38407, 788480, 0, 0, 0
38507, 808960, 0, 0, 0
38607, 952320, 0, 0, 0
38706, 1261898, 0, 0, 0
38806, 1034240, 0, 0, 0
38907, 1105920, 0, 0, 0
39007, 829440, 0, 0, 0
39107, 819200, 0, 0, 0
39207, 819200, 0, 0, 0
39307, 890880, 0, 0, 0
39406, 941252, 0, 0, 0
39506, 1075200, 0, 0, 0
39606, 942080, 0, 0, 0
39707, 860160, 0, 0, 0
39807, 1116160, 0, 0, 0
39906, 848161, 0, 0, 0
40006, 1034240, 0, 0, 0
40106, 737280, 0, 0, 0
40207, 1003520, 0, 0, 0
40307, 1054720, 0, 0, 0
40407, 829440, 0, 0, 0
40507, 1136640, 0, 0, 0
40607, 1239040, 0, 0, 0
40707, 1105920, 0, 0, 0
40806, 868848, 0, 0, 0
40906, 1095680, 0, 0, 0
41006, 901120, 0, 0, 0
41106, 839680, 0, 0, 0
41207, 1228800, 0, 0, 0
41307, 819200, 0, 0, 0
41407, 952320, 0, 0, 0
41507, 1054720, 0, 0, 0
41607, 890880, 0, 0, 0
41706, 1251555, 0, 0, 0
41806, 1259520, 0, 0, 0
41907, 911360, 0, 0, 0
42007, 1085440, 0, 0, 0
42107, 819200, 0, 0, 0
42207, 931840, 0, 0, 0
42306, 848161, 0, 0, 0
42407, 870400, 0, 0, 0
42507, 1187840, 0, 0, 0
42607, 952320, 0, 0, 0
42707, 1218560, 0, 0, 0
42806, 910222, 0, 0, 0
42907, 993280, 0, 0, 0
43007, 778240, 0, 0, 0
43107, 962560, 0, 0, 0
43207, 1003520, 0, 0, 0
43307, 1177600, 0, 0, 0
43406, 992969, 0, 0, 0
43506, 1095680, 0, 0, 0
43606, 993280, 0, 0, 0
43707, 890880, 0, 0, 0
43807, 1034240, 0, 0, 0
43906, 1034343, 0, 0, 0
44006, 849920, 0, 0, 0
44107, 972800, 0, 0, 0
44207, 1157120, 0, 0, 0
44307, 972800, 0, 0, 0
44407, 1331200, 0, 0, 0
44506, 1427393, 0, 0, 0
44606, 1198080, 0, 0, 0
44707, 1157120, 0, 0, 0
44807, 870400, 0, 0, 0
44907, 860160, 0, 0, 0
45006, 1137777, 0, 0, 0
45106, 788480, 0, 0, 0
45207, 839680, 0, 0, 0
45307, 942080, 0, 0, 0
45407, 1075200, 0, 0, 0
45506, 806787, 0, 0, 0
45606, 839680, 0, 0, 0
45707, 819200, 0, 0, 0
45807, 1146880, 0, 0, 0
45907, 1177600, 0, 0, 0
46006, 786101, 0, 0, 0
46106, 931840, 0, 0, 0
46207, 1187840, 0, 0, 0
46307, 890880, 0, 0, 0
46407, 983040, 0, 0, 0
46506, 837818, 0, 0, 0
46606, 921600, 0, 0, 0
46707, 860160, 0, 0, 0
46807, 1280000, 0, 0, 0
46907, 911360, 0, 0, 0
47007, 901120, 0, 0, 0
47107, 972800, 0, 0, 0
47206, 858505, 0, 0, 0
47306, 931840, 0, 0, 0
47407, 1423360, 0, 0, 0
47507, 1003520, 0, 0, 0
47607, 1474560, 0, 0, 0
47706, 1251555, 0, 0, 0
47806, 1044480, 0, 0, 0
47907, 931840, 0, 0, 0
48007, 1136640, 0, 0, 0
48106, 941252, 0, 0, 0
48206, 839680, 0, 0, 0
48306, 1157120, 0, 0, 0
48407, 890880, 0, 0, 0
48507, 1085440, 0, 0, 0
48607, 921600, 0, 0, 0
48706, 1148121, 0, 0, 0
48806, 901120, 0, 0, 0
48906, 1085440, 0, 0, 0
49006, 942080, 0, 0, 0
49106, 942080, 0, 0, 0
49207, 1228800, 0, 0, 0
49307, 1054720, 0, 0, 0
49407, 737280, 0, 0, 0
49506, 910222, 0, 0, 0
49606, 942080, 0, 0, 0
49706, 860160, 0, 0, 0
49806, 921600, 0, 0, 0
49907, 1013760, 0, 0, 0
50007, 1413120, 0, 0, 0
50107, 921600, 0, 0, 0
50206, 1189494, 0, 0, 0
50306, 890880, 0, 0, 0
50406, 1126400, 0, 0, 0
50507, 1331200, 0, 0, 0
50607, 1239040, 0, 0, 0
50707, 1146880, 0, 0, 0
50807, 829440, 0, 0, 0
50906, 858505, 0, 0, 0
51006, 747520, 0, 0, 0
51106, 972800, 0, 0, 0
51206, 921600, 0, 0, 0
51307, 1423360, 0, 0, 0
51407, 880640, 0, 0, 0
51507, 1013760, 0, 0, 0
51607, 870400, 0, 0, 0
51707, 952320, 0, 0, 0
51807, 952320, 0, 0, 0
51906, 858505, 0, 0, 0
52006, 849920, 0, 0, 0
52106, 1054720, 0, 0, 0
52207, 1024000, 0, 0, 0
52307, 972800, 0, 0, 0
52407, 931840, 0, 0, 0
52507, 1331200, 0, 0, 0
52607, 737280, 0, 0, 0
52706, 982626, 0, 0, 0
52806, 1136640, 0, 0, 0
52907, 1566720, 0, 0, 0
53007, 1003520, 0, 0, 0
53107, 1402880, 0, 0, 0
53207, 993280, 0, 0, 0
53307, 849920, 0, 0, 0
53406, 1065373, 0, 0, 0
53506, 1249280, 0, 0, 0
53606, 952320, 0, 0, 0
53707, 1361920, 0, 0, 0
53807, 849920, 0, 0, 0
53907, 901120, 0, 0, 0
54007, 727040, 0, 0, 0
54107, 788480, 0, 0, 0
54206, 827474, 0, 0, 0
54306, 1484800, 0, 0, 0
54406, 798720, 0, 0, 0
54506, 870400, 0, 0, 0
54606, 962560, 0, 0, 0
54707, 798720, 0, 0, 0
54807, 942080, 0, 0, 0
54907, 931840, 0, 0, 0
55007, 706560, 0, 0, 0
55106, 1168808, 0, 0, 0
55206, 1187840, 0, 0, 0
55306, 962560, 0, 0, 0
55407, 870400, 0, 0, 0
55507, 1044480, 0, 0, 0
55607, 1003520, 0, 0, 0
55707, 1167360, 0, 0, 0
55807, 1024000, 0, 0, 0
55906, 806787, 0, 0, 0
56006, 1638400, 0, 0, 0
56106, 1146880, 0, 0, 0
56206, 860160, 0, 0, 0
56306, 860160, 0, 0, 0
56407, 1218560, 0, 0, 0
56507, 1024000, 0, 0, 0
56607, 952320, 0, 0, 0
56707, 737280, 0, 0, 0
56807, 1085440, 0, 0, 0
56907, 1179151, 0, 0, 0
57007, 962560, 0, 0, 0
57107, 829440, 0, 0, 0
57207, 1269760, 0, 0, 0
57307, 983040, 0, 0, 0
57407, 819200, 0, 0, 0
57507, 952320, 0, 0, 0
57606, 703353, 0, 0, 0
57706, 798720, 0, 0, 0
57806, 1167360, 0, 0, 0
57907, 890880, 0, 0, 0
58007, 952320, 0, 0, 0
58107, 737280, 0, 0, 0
58207, 1095680, 0, 0, 0
58306, 1168808, 0, 0, 0
58406, 911360, 0, 0, 0
58506, 890880, 0, 0, 0
58606, 890880, 0, 0, 0
58707, 952320, 0, 0, 0
58807, 849920, 0, 0, 0
58907, 860160, 0, 0, 0
59007, 1382400, 0, 0, 0
59107, 1177600, 0, 0, 0
59206, 879191, 0, 0, 0
59306, 1300480, 0, 0, 0
59406, 819200, 0, 0, 0
59507, 983040, 0, 0, 0
59607, 1075200, 0, 0, 0
59707, 870400, 0, 0, 0
59807, 819200, 0, 0, 0
59906, 848161, 0, 0, 0
60006, 911360, 0, 0, 0
60106, 1167360, 0, 0, 0
60207, 788480, 0, 0, 0
60307, 880640, 0, 0, 0
60407, 972800, 0, 0, 0
60507, 962560, 0, 0, 0
60607, 788480, 0, 0, 0
60706, 1292929, 0, 0, 0
60806, 1013760, 0, 0, 0
60906, 1341440, 0, 0, 0
61007, 890880, 0, 0, 0
61107, 829440, 0, 0, 0
61207, 778240, 0, 0, 0
61307, 1208320, 0, 0, 0
61406, 1055030, 0, 0, 0
61506, 880640, 0, 0, 0
61606, 1105920, 0, 0, 0
61706, 901120, 0, 0, 0
61807, 1167360, 0, 0, 0
61907, 860160, 0, 0, 0
62007, 1290240, 0, 0, 0
62107, 819200, 0, 0, 0
62206, 827474, 0, 0, 0
62306, 1013760, 0, 0, 0
62406, 1443840, 0, 0, 0
62507, 942080, 0, 0, 0
62607, 931840, 0, 0, 0
62707, 1095680, 0, 0, 0
62807, 983040, 0, 0, 0
62907, 1351680, 0, 0, 0
63006, 1096404, 0, 0, 0
63106, 1075200, 0, 0, 0
63207, 1454080, 0, 0, 0
63307, 1105920, 0, 0, 0
63407, 972800, 0, 0, 0
63507, 972800, 0, 0, 0
63607, 1208320, 0, 0, 0
63706, 982626, 0, 0, 0
63806, 1003520, 0, 0, 0
63907, 1085440, 0, 0, 0
64007, 1157120, 0, 0, 0
64107, 798720, 0, 0, 0
64207, 962560, 0, 0, 0
64307, 727040, 0, 0, 0
64407, 890880, 0, 0, 0
64506, 1086060, 0, 0, 0
64606, 849920, 0, 0, 0
64706, 1013760, 0, 0, 0
64807, 1003520, 0, 0, 0
64907, 1228800, 0, 0, 0
65007, 870400, 0, 0, 0
65107, 1054720, 0, 0, 0
65207, 993280, 0, 0, 0
65307, 1105920, 0, 0, 0
65406, 1096404, 0, 0, 0
65506, 1832960, 0, 0, 0
65606, 972800, 0, 0, 0
65707, 1013760, 0, 0, 0
65807, 1177600, 0, 0, 0
65907, 1228800, 0, 0, 0
66006, 951595, 0, 0, 0
66106, 952320, 0, 0, 0
66207, 1341440, 0, 0, 0
66307, 1157120, 0, 0, 0
66407, 778240, 0, 0, 0
66507, 962560, 0, 0, 0
66607, 1310720, 0, 0, 0
66706, 806787, 0, 0, 0
66806, 1208320, 0, 0, 0
66907, 1054720, 0, 0, 0
67007, 808960, 0, 0, 0
67107, 1075200, 0, 0, 0
67207, 942080, 0, 0, 0
67307, 1556480, 0, 0, 0
67407, 1044480, 0, 0, 0
67506, 827474, 0, 0, 0
67606, 1054720, 0, 0, 0
67706, 1116160, 0, 0, 0
67806, 1034240, 0, 0, 0
67907, 870400, 0, 0, 0
68007, 1013760, 0, 0, 0
68107, 706560, 0, 0, 0
68206, 1086060, 0, 0, 0
68307, 1249280, 0, 0, 0
68407, 1013760, 0, 0, 0
68507, 1024000, 0, 0, 0
68607, 798720, 0, 0, 0
68706, 796444, 0, 0, 0
68806, 931840, 0, 0, 0
68906, 829440, 0, 0, 0
69006, 1075200, 0, 0, 0
69107, 849920, 0, 0, 0
69207, 849920, 0, 0, 0
69307, 798720, 0, 0, 0
69406, 1003313, 0, 0, 0
69506, 1310720, 0, 0, 0
69606, 931840, 0, 0, 0
69707, 890880, 0, 0, 0
69807, 901120, 0, 0, 0
69907, 786101, 0, 0, 0
70007, 1290240, 0, 0, 0
70107, 972800, 0, 0, 0
70207, 1320960, 0, 0, 0
70307, 1146880, 0, 0, 0
70406, 941252, 0, 0, 0
70506, 1054720, 0, 0, 0
70606, 1177600, 0, 0, 0
70707, 788480, 0, 0, 0
70807, 901120, 0, 0, 0
70907, 778240, 0, 0, 0
71006, 879191, 0, 0, 0
71106, 798720, 0, 0, 0
71207, 1064960, 0, 0, 0
71307, 1228800, 0, 0, 0
71406, 693010, 0, 0, 0
71506, 921600, 0, 0, 0
71606, 727040, 0, 0, 0
71706, 778240, 0, 0, 0
71807, 931840, 0, 0, 0
71907, 1034240, 0, 0, 0
72007, 1034240, 0, 0, 0
72107, 1423360, 0, 0, 0
72206, 961939, 0, 0, 0
72306, 778240, 0, 0, 0
72407, 993280, 0, 0, 0
72507, 952320, 0, 0, 0
72607, 1136640, 0, 0, 0
72707, 860160, 0, 0, 0
72806, 1024000, 0, 0, 0
72907, 1003520, 0, 0, 0
73007, 921600, 0, 0, 0
73107, 768000, 0, 0, 0
73207, 1095680, 0, 0, 0
73306, 1034343, 0, 0, 0
73406, 788480, 0, 0, 0
73507, 757760, 0, 0, 0
73607, 1136640, 0, 0, 0
73706, 1158464, 0, 0, 0
73806, 952320, 0, 0, 0
73907, 911360, 0, 0, 0
74007, 829440, 0, 0, 0
74107, 778240, 0, 0, 0
74206, 786101, 0, 0, 0
74306, 849920, 0, 0, 0
74407, 962560, 0, 0, 0
74507, 819200, 0, 0, 0
74607, 870400, 0, 0, 0
74706, 982626, 0, 0, 0
74806, 1064960, 0, 0, 0
74907, 1320960, 0, 0, 0
75007, 942080, 0, 0, 0
75107, 1402880, 0, 0, 0
75206, 858505, 0, 0, 0
75306, 1105920, 0, 0, 0
75407, 911360, 0, 0, 0
75507, 931840, 0, 0, 0
75607, 849920, 0, 0, 0
75707, 1003520, 0, 0, 0
75807, 1003520, 0, 0, 0
75907, 1106747, 0, 0, 0
76007, 983040, 0, 0, 0
76107, 1013760, 0, 0, 0
76207, 972800, 0, 0, 0
76307, 778240, 0, 0, 0
76406, 837818, 0, 0, 0
76506, 1280000, 0, 0, 0
76606, 1146880, 0, 0, 0
76707, 1054720, 0, 0, 0
76807, 952320, 0, 0, 0
76907, 1024000, 0, 0, 0
77007, 839680, 0, 0, 0
77107, 1198080, 0, 0, 0
77206, 1179151, 0, 0, 0
77306, 819200, 0, 0, 0
77406, 1351680, 0, 0, 0
77507, 1105920, 0, 0, 0
77607, 1218560, 0, 0, 0
77707, 911360, 0, 0, 0
77807, 839680, 0, 0, 0
77907, 942080, 0, 0, 0
78007, 911360, 0, 0, 0
78106, 827474, 0, 0, 0
78206, 1075200, 0, 0, 0
78306, 1433600, 0, 0, 0
78407, 839680, 0, 0, 0
78507, 1474560, 0, 0, 0
78607, 1013760, 0, 0, 0
78707, 870400, 0, 0, 0
78807, 1126400, 0, 0, 0
78906, 1044686, 0, 0, 0
79006, 696320, 0, 0, 0
79106, 921600, 0, 0, 0
79207, 972800, 0, 0, 0
79307, 1280000, 0, 0, 0
79407, 983040, 0, 0, 0
79506, 961939, 0, 0, 0
79606, 931840, 0, 0, 0
79706, 993280, 0, 0, 0
79807, 1177600, 0, 0, 0
79907, 1003520, 0, 0, 0
80007, 1034240, 0, 0, 0
80107, 911360, 0, 0, 0
80206, 910222, 0, 0, 0
80306, 1003520, 0, 0, 0
80406, 1044480, 0, 0, 0
80507, 952320, 0, 0, 0
80607, 983040, 0, 0, 0
80707, 1034240, 0, 0, 0
80807, 819200, 0, 0, 0
80906, 889535, 0, 0, 0
81006, 901120, 0, 0, 0
81106, 849920, 0, 0, 0
81207, 1198080, 0, 0, 0
81307, 686080, 0, 0, 0
81407, 901120, 0, 0, 0
81507, 808960, 0, 0, 0
81607, 890880, 0, 0, 0
81706, 941252, 0, 0, 0
81806, 952320, 0, 0, 0
81907, 911360, 0, 0, 0
82007, 798720, 0, 0, 0
82107, 1249280, 0, 0, 0
82206, 1148121, 0, 0, 0
82306, 1822720, 0, 0, 0
82407, 962560, 0, 0, 0
82507, 808960, 0, 0, 0
82607, 1013760, 0, 0, 0
82707, 1300480, 0, 0, 0
82807, 798720, 0, 0, 0
82906, 910222, 0, 0, 0
83006, 1413120, 0, 0, 0
83106, 849920, 0, 0, 0
83207, 1474560, 0, 0, 0
83307, 880640, 0, 0, 0
83407, 860160, 0, 0, 0
83507, 1361920, 0, 0, 0
83607, 1249280, 0, 0, 0
83706, 693010, 0, 0, 0
83806, 573440, 0, 0, 0
83907, 614400, 0, 0, 0
84007, 1044480, 0, 0, 0
84107, 1228800, 0, 0, 0
84206, 1148121, 0, 0, 0
84306, 1075200, 0, 0, 0
84406, 1177600, 0, 0, 0
84506, 1280000, 0, 0, 0
84606, 727040, 0, 0, 0
84707, 1136640, 0, 0, 0
84807, 1044480, 0, 0, 0
84907, 808960, 0, 0, 0
85006, 889535, 0, 0, 0
85106, 860160, 0, 0, 0
85206, 1300480, 0, 0, 0
85307, 962560, 0, 0, 0
85407, 952320, 0, 0, 0
85507, 911360, 0, 0, 0
85607, 860160, 0, 0, 0
85707, 839680, 0, 0, 0
85807, 890880, 0, 0, 0
85906, 1096404, 0, 0, 0
86006, 798720, 0, 0, 0
86107, 1024000, 0, 0, 0
86207, 1351680, 0, 0, 0
86307, 839680, 0, 0, 0
86407, 1003520, 0, 0, 0
86507, 1290240, 0, 0, 0
86607, 1331200, 0, 0, 0
86706, 1044686, 0, 0, 0
86806, 880640, 0, 0, 0
86907, 1413120, 0, 0, 0
87007, 839680, 0, 0, 0
87107, 593920, 0, 0, 0
87207, 1832960, 0, 0, 0
87307, 1259520, 0, 0, 0
87406, 1024000, 0, 0, 0
87506, 839680, 0, 0, 0
87606, 727040, 0, 0, 0
87707, 849920, 0, 0, 0
87807, 1105920, 0, 0, 0
87907, 911360, 0, 0, 0
88006, 879191, 0, 0, 0
88106, 716800, 0, 0, 0
88206, 1085440, 0, 0, 0
88306, 1105920, 0, 0, 0
88407, 860160, 0, 0, 0
88507, 860160, 0, 0, 0
88607, 921600, 0, 0, 0
88707, 829440, 0, 0, 0
88806, 992969, 0, 0, 0
88906, 788480, 0, 0, 0
89007, 901120, 0, 0, 0
89107, 1034240, 0, 0, 0
89207, 1034240, 0, 0, 0
89307, 1116160, 0, 0, 0
89406, 1024000, 0, 0, 0
89506, 727040, 0, 0, 0
89606, 1116160, 0, 0, 0
89707, 890880, 0, 0, 0
89807, 849920, 0, 0, 0
89907, 839680, 0, 0, 0
90007, 983040, 0, 0, 0
90106, 920565, 0, 0, 0
90206, 808960, 0, 0, 0
90306, 993280, 0, 0, 0
90407, 983040, 0, 0, 0
90507, 1126400, 0, 0, 0
90607, 1392640, 0, 0, 0
90706, 1303272, 0, 0, 0
90806, 921600, 0, 0, 0
90907, 778240, 0, 0, 0
91007, 829440, 0, 0, 0
91107, 1208320, 0, 0, 0
91207, 819200, 0, 0, 0
91307, 983040, 0, 0, 0
91407, 1034240, 0, 0, 0
91506, 992969, 0, 0, 0
91606, 1013760, 0, 0, 0
91706, 788480, 0, 0, 0
91806, 880640, 0, 0, 0
91907, 829440, 0, 0, 0
92007, 901120, 0, 0, 0
92107, 890880, 0, 0, 0
92207, 942080, 0, 0, 0
92306, 910222, 0, 0, 0
92406, 931840, 0, 0, 0
92506, 1075200, 0, 0, 0
92606, 1064960, 0, 0, 0
92707, 1044480, 0, 0, 0
92807, 1085440, 0, 0, 0
92907, 870400, 0, 0, 0
93007, 849920, 0, 0, 0
93107, 1198080, 0, 0, 0
93206, 1003313, 0, 0, 0
93306, 1331200, 0, 0, 0
93407, 1075200, 0, 0, 0
93507, 860160, 0, 0, 0
93607, 849920, 0, 0, 0
93707, 1034240, 0, 0, 0
93807, 860160, 0, 0, 0
93907, 911360, 0, 0, 0
94006, 1344646, 0, 0, 0
94106, 1208320, 0, 0, 0
94206, 1280000, 0, 0, 0
94307, 747520, 0, 0, 0
94407, 983040, 0, 0, 0
94507, 573440, 0, 0, 0
94607, 686080, 0, 0, 0
94707, 972800, 0, 0, 0
94806, 806787, 0, 0, 0
94906, 890880, 0, 0, 0
95006, 952320, 0, 0, 0
95107, 757760, 0, 0, 0
95207, 911360, 0, 0, 0
95307, 839680, 0, 0, 0
95407, 1003520, 0, 0, 0
95507, 849920, 0, 0, 0
95606, 941252, 0, 0, 0
95706, 1044480, 0, 0, 0
95806, 901120, 0, 0, 0
95907, 1126400, 0, 0, 0
96007, 1167360, 0, 0, 0
96107, 1013760, 0, 0, 0
96207, 1361920, 0, 0, 0
96307, 808960, 0, 0, 0
96406, 920565, 0, 0, 0
96506, 727040, 0, 0, 0
96606, 952320, 0, 0, 0
96707, 757760, 0, 0, 0
96807, 1515520, 0, 0, 0
96907, 1433600, 0, 0, 0
97006, 972282, 0, 0, 0
97106, 829440, 0, 0, 0
97206, 778240, 0, 0, 0
97306, 849920, 0, 0, 0
97407, 1003520, 0, 0, 0
97507, 1382400, 0, 0, 0
97607, 983040, 0, 0, 0
97707, 901120, 0, 0, 0
97807, 839680, 0, 0, 0
97906, 734383, 0, 0, 0
98006, 942080, 0, 0, 0
98106, 901120, 0, 0, 0
98207, 962560, 0, 0, 0
98307, 983040, 0, 0, 0
98407, 1259520, 0, 0, 0
98507, 1095680, 0, 0, 0
98607, 890880, 0, 0, 0
98706, 817131, 0, 0, 0
98806, 1095680, 0, 0, 0
98906, 890880, 0, 0, 0
99007, 1423360, 0, 0, 0
99107, 890880, 0, 0, 0
99207, 983040, 0, 0, 0
99307, 1116160, 0, 0, 0
99407, 1218560, 0, 0, 0
99507, 1136640, 0, 0, 0
99607, 737280, 0, 0, 0
99706, 734383, 0, 0, 0
99806, 870400, 0, 0, 0
99907, 972800, 0, 0, 0
100007, 788480, 0, 0, 0
100107, 686080, 0, 0, 0
100206, 848161, 0, 0, 0
100306, 1024000, 0, 0, 0
100406, 1075200, 0, 0, 0
100506, 901120, 0, 0, 0
100607, 1013760, 0, 0, 0
100707, 1536000, 0, 0, 0
100807, 972800, 0, 0, 0
100907, 1382400, 0, 0, 0
101007, 1177600, 0, 0, 0
101106, 899878, 0, 0, 0
101206, 870400, 0, 0, 0
101307, 983040, 0, 0, 0
101407, 952320, 0, 0, 0
101507, 839680, 0, 0, 0
101607, 880640, 0, 0, 0
101707, 870400, 0, 0, 0
101807, 880640, 0, 0, 0
101906, 1437737, 0, 0, 0
102006, 829440, 0, 0, 0
102106, 860160, 0, 0, 0
102207, 798720, 0, 0, 0
102307, 860160, 0, 0, 0
102407, 1372160, 0, 0, 0
102507, 1310720, 0, 0, 0
102607, 778240, 0, 0, 0
102706, 941252, 0, 0, 0
102806, 1392640, 0, 0, 0
102907, 1515520, 0, 0, 0
103007, 901120, 0, 0, 0
103107, 1064960, 0, 0, 0
103207, 768000, 0, 0, 0
103307, 1105920, 0, 0, 0
103406, 1168808, 0, 0, 0
103506, 983040, 0, 0, 0
103606, 706560, 0, 0, 0
103706, 942080, 0, 0, 0
103806, 1013760, 0, 0, 0
103907, 1013760, 0, 0, 0
104007, 1136640, 0, 0, 0
104107, 686080, 0, 0, 0
104206, 951595, 0, 0, 0
104306, 1300480, 0, 0, 0
104406, 1105920, 0, 0, 0
104506, 952320, 0, 0, 0
104606, 983040, 0, 0, 0
104707, 1249280, 0, 0, 0
104807, 911360, 0, 0, 0
104907, 1187840, 0, 0, 0
105006, 992969, 0, 0, 0
105106, 942080, 0, 0, 0
105207, 808960, 0, 0, 0
105307, 1105920, 0, 0, 0
105407, 849920, 0, 0, 0
105507, 942080, 0, 0, 0
105607, 849920, 0, 0, 0
105706, 951595, 0, 0, 0
105806, 1208320, 0, 0, 0
105907, 1198080, 0, 0, 0
106007, 870400, 0, 0, 0
106107, 645120, 0, 0, 0
106207, 1198080, 0, 0, 0
106307, 1382400, 0, 0, 0
106406, 868848, 0, 0, 0
106506, 983040, 0, 0, 0
106606, 1054720, 0, 0, 0
106706, 1208320, 0, 0, 0
106806, 962560, 0, 0, 0
106907, 1105920, 0, 0, 0
107007, 1013760, 0, 0, 0
107107, 993280, 0, 0, 0
107207, 655360, 0, 0, 0
107307, 1105920, 0, 0, 0
107406, 920565, 0, 0, 0
107506, 993280, 0, 0, 0
107606, 901120, 0, 0, 0
107707, 1024000, 0, 0, 0
107807, 921600, 0, 0, 0
107907, 1546240, 0, 0, 0
108007, 737280, 0, 0, 0
108107, 962560, 0, 0, 0
108206, 724040, 0, 0, 0
108306, 983040, 0, 0, 0
108406, 829440, 0, 0, 0
108507, 1095680, 0, 0, 0
108607, 849920, 0, 0, 0
108707, 1085440, 0, 0, 0
108807, 788480, 0, 0, 0
108907, 911360, 0, 0, 0
109007, 808960, 0, 0, 0
109107, 1075200, 0, 0, 0
109206, 837818, 0, 0, 0
109306, 1095680, 0, 0, 0
109407, 1003520, 0, 0, 0
109507, 1546240, 0, 0, 0
109607, 890880, 0, 0, 0
109707, 1054720, 0, 0, 0
109807, 1228800, 0, 0, 0
109907, 829440, 0, 0, 0
110006, 1034343, 0, 0, 0
110106, 870400, 0, 0, 0
110206, 849920, 0, 0, 0
110307, 696320, 0, 0, 0
110407, 890880, 0, 0, 0
110507, 788480, 0, 0, 0
110607, 1064960, 0, 0, 0
110707, 1075200, 0, 0, 0
110807, 993280, 0, 0, 0
110906, 1644606, 0, 0, 0
111007, 1423360, 0, 0, 0
111107, 716800, 0, 0, 0
111207, 778240, 0, 0, 0
111307, 829440, 0, 0, 0
111406, 837818, 0, 0, 0
111506, 870400, 0, 0, 0
111606, 911360, 0, 0, 0
111706, 860160, 0, 0, 0
111806, 942080, 0, 0, 0
111907, 1320960, 0, 0, 0
112007, 686080, 0, 0, 0
112107, 1167360, 0, 0, 0
112207, 972800, 0, 0, 0
112306, 1272242, 0, 0, 0
112406, 747520, 0, 0, 0
112506, 1013760, 0, 0, 0
112607, 1310720, 0, 0, 0
112707, 1167360, 0, 0, 0
112807, 737280, 0, 0, 0
112907, 911360, 0, 0, 0
113007, 686080, 0, 0, 0
113106, 837818, 0, 0, 0
113206, 839680, 0, 0, 0
113306, 983040, 0, 0, 0
113407, 1679360, 0, 0, 0
113507, 1013760, 0, 0, 0
113607, 1198080, 0, 0, 0
113707, 1218560, 0, 0, 0
113807, 890880, 0, 0, 0
113906, 1189494, 0, 0, 0
114006, 983040, 0, 0, 0
114106, 849920, 0, 0, 0
114207, 1269760, 0, 0, 0
114307, 962560, 0, 0, 0
114407, 890880, 0, 0, 0
114507, 655360, 0, 0, 0
114607, 1187840, 0, 0, 0
114707, 788480, 0, 0, 0
114807, 829440, 0, 0, 0
114906, 775757, 0, 0, 0
115006, 890880, 0, 0, 0
115106, 1003520, 0, 0, 0
115207, 686080, 0, 0, 0
115307, 1331200, 0, 0, 0
115407, 901120, 0, 0, 0
115507, 727040, 0, 0, 0
115607, 1013760, 0, 0, 0
115706, 755070, 0, 0, 0
115806, 1085440, 0, 0, 0
115906, 1218560, 0, 0, 0
116007, 942080, 0, 0, 0
116107, 962560, 0, 0, 0
116207, 1433600, 0, 0, 0
116307, 645120, 0, 0, 0
116407, 849920, 0, 0, 0
116506, 879191, 0, 0, 0
116606, 747520, 0, 0, 0
116706, 911360, 0, 0, 0
116806, 880640, 0, 0, 0
116907, 1034240, 0, 0, 0
117007, 1024000, 0, 0, 0
117107, 1351680, 0, 0, 0
117207, 849920, 0, 0, 0
117307, 880640, 0, 0, 0
117406, 868848, 0, 0, 0
117506, 849920, 0, 0, 0
117606, 983040, 0, 0, 0
117707, 870400, 0, 0, 0
117807, 778240, 0, 0, 0
117907, 808960, 0, 0, 0
118007, 983040, 0, 0, 0
118107, 1024000, 0, 0, 0
118206, 961939, 0, 0, 0
118306, 993280, 0, 0, 0
118407, 1054720, 0, 0, 0
118507, 747520, 0, 0, 0
118607, 911360, 0, 0, 0
118707, 952320, 0, 0, 0
118807, 870400, 0, 0, 0
118906, 817131, 0, 0, 0
119006, 1064960, 0, 0, 0
119106, 911360, 0, 0, 0
119207, 1003520, 0, 0, 0
119307, 1157120, 0, 0, 0
119407, 1024000, 0, 0, 0
119507, 1495040, 0, 0, 0
119607, 901120, 0, 0, 0
119706, 899878, 0, 0, 0
119806, 911360, 0, 0, 0
119906, 849920, 0, 0, 0
120006, 737280, 0, 0, 0
